==20085== Memcheck, a memory error detector
==20085== Copyright (C) 2002-2017, and GNU GPL'd, by Julian Seward et al.
==20085== Using Valgrind-3.18.1 and LibVEX; rerun with -h for copyright info
==20085== Command: ./a.out -99761 -179424 338041 119013 127187 491975 -271264 236592 -174021 -300391 425998 200930 -449242 -303025 202323 -144311 227848 -394994 84687 284365 -182370 175260 -451214 428452 -446256 -204322 348066 -65078 -175695 -104248 276495 -489589 19677 -88325 -186851 65616 182159 -247769 278653 -46246 -124540 -252729 -313475 374660 414860 -403910 318120 -288158 196242 -490228 376863 386669 -4201 -333752 -9673 362806 -363138 -149834 -83541 381235 -468355 -109589 432158 -309233 254706 -59730 442070 180693 498299 181260 154582 -159867 32881 1835 -382627 -295061 60457 -419932 23619 -154772 363970 -443109 -71539 -77886 352901 -492344 -172911 -122773 394052 147161 45192 -337562 463511 -43521 -122003 -240284 -184439 409757 175069 -62396
==20085== Parent PID: 20026
==20085== 
==20085== Conditional jump or move depends on uninitialised value(s)
==20085==    at 0x10A031: add_first (adder_deller.c:69)
==20085==    by 0x109514: list_pb (px.c:23)
==20085==    by 0x10A21F: phase_one (tequila_sort.c:137)
==20085==    by 0x10A21F: tequila_sort (tequila_sort.c:190)
==20085==    by 0x10935A: main (push_swap.c:81)
==20085== 
==20085== Invalid free() / delete / delete[] / realloc()
==20085==    at 0x484B27F: free (in /usr/libexec/valgrind/vgpreload_memcheck-amd64-linux.so)
==20085==    by 0x10921C: clear_argv (push_swap.c:44)
==20085==    by 0x109340: main (push_swap.c:87)
==20085==  Address 0x1ffeffff4f is on thread 1's stack
==20085== 
==20085== Invalid free() / delete / delete[] / realloc()
==20085==    at 0x484B27F: free (in /usr/libexec/valgrind/vgpreload_memcheck-amd64-linux.so)
==20085==    by 0x109231: clear_argv (push_swap.c:48)
==20085==    by 0x109340: main (push_swap.c:87)
==20085==  Address 0x1ffefff568 is on thread 1's stack
==20085== 
==20085== 
==20085== HEAP SUMMARY:
==20085==     in use at exit: 0 bytes in 0 blocks
==20085==   total heap usage: 1,007 allocs, 1,108 frees, 16,112 bytes allocated
==20085== 
==20085== All heap blocks were freed -- no leaks are possible
==20085== 
==20085== Use --track-origins=yes to see where uninitialised values come from
==20085== For lists of detected and suppressed errors, rerun with: -s
==20085== ERROR SUMMARY: 102 errors from 3 contexts (suppressed: 0 from 0)
